Content-Type: multipart/alternative;
 boundary="===============1076825674475312083=="
MIME-Version: 1.0
Subject: Welcome to Mariampur Hospital Performance Monitoring System
From: Mariampur Hospital IT Team <mhitdeptsw@gmail.com>
To: jijikunjumon59@gmail.com
Date: Mon, 16 Jun 2025 09:36:55 -0000
Message-ID: <175006661528.1716.15047867884652525672@ASPIRE7-03PORSC.bbrouter>

--===============1076825674475312083==
Content-Type: text/plain; charset="utf-8"
MIME-Version: 1.0
Content-Transfer-Encoding: 7bit




    
    
    Welcome to Mariampur Hospital
    
        body {
            font-family: Arial, sans-serif;
            line-height: 1.6;
            color: #333;
            max-width: 600px;
            margin: 0 auto;
            padding: 20px;
        }
        .header {
            background-color: #0d47a1;
            color: white;
            padding: 20px;
            text-align: center;
            border-radius: 5px 5px 0 0;
        }
        .content {
            padding: 20px;
            border: 1px solid #ddd;
            border-top: none;
            border-radius: 0 0 5px 5px;
        }
        .credentials {
            background-color: #f5f5f5;
            padding: 15px;
            border-radius: 5px;
            margin: 20px 0;
        }
        .button {
            display: inline-block;
            background-color: #0d47a1;
            color: white;
            padding: 10px 20px;
            text-decoration: none;
            border-radius: 5px;
            margin-top: 20px;
        }
        .footer {
            margin-top: 30px;
            font-size: 12px;
            color: #777;
            text-align: center;
        }
    


    
        Welcome to Mariampur Hospital
        Staff Performance Monitoring System
    
    
    
        Hello Mrs. Jiji Muttathil,
        
        Welcome to the Mariampur Hospital Staff Performance Monitoring System. You have been registered as a Department Head in our system.
        
        Your account has been created with the following credentials:
        
        
            Username/Email: jijikunjumon59@gmail.com
            Password: rP0tDEBI
        
        
        For security reasons, we recommend changing your password after your first login.
        
        You can access the system by clicking the button below:
        
        Login to System
        
        If you have any questions or need assistance, please contact the IT department.
        
        Best regards,
        Mariampur Hospital IT Team
    
    
    
        This is an automated message. Please do not reply to this email.
        &copy; 2025 Mariampur Hospital. All rights reserved.
    

 
--===============1076825674475312083==
Content-Type: text/html; charset="utf-8"
MIME-Version: 1.0
Content-Transfer-Encoding: 7bit

<!DOCTYPE html>
<html>
<head>
    <meta charset="UTF-8">
    <meta name="viewport" content="width=device-width, initial-scale=1.0">
    <title>Welcome to Mariampur Hospital</title>
    <style>
        body {
            font-family: Arial, sans-serif;
            line-height: 1.6;
            color: #333;
            max-width: 600px;
            margin: 0 auto;
            padding: 20px;
        }
        .header {
            background-color: #0d47a1;
            color: white;
            padding: 20px;
            text-align: center;
            border-radius: 5px 5px 0 0;
        }
        .content {
            padding: 20px;
            border: 1px solid #ddd;
            border-top: none;
            border-radius: 0 0 5px 5px;
        }
        .credentials {
            background-color: #f5f5f5;
            padding: 15px;
            border-radius: 5px;
            margin: 20px 0;
        }
        .button {
            display: inline-block;
            background-color: #0d47a1;
            color: white;
            padding: 10px 20px;
            text-decoration: none;
            border-radius: 5px;
            margin-top: 20px;
        }
        .footer {
            margin-top: 30px;
            font-size: 12px;
            color: #777;
            text-align: center;
        }
    </style>
</head>
<body>
    <div class="header">
        <h1>Welcome to Mariampur Hospital</h1>
        <p>Staff Performance Monitoring System</p>
    </div>
    
    <div class="content">
        <h2>Hello Mrs. Jiji Muttathil,</h2>
        
        <p>Welcome to the Mariampur Hospital Staff Performance Monitoring System. You have been registered as a <strong>Department Head</strong> in our system.</p>
        
        <p>Your account has been created with the following credentials:</p>
        
        <div class="credentials">
            <p><strong>Username/Email:</strong> jijikunjumon59@gmail.com</p>
            <p><strong>Password:</strong> rP0tDEBI</p>
        </div>
        
        <p>For security reasons, we recommend changing your password after your first login.</p>
        
        <p>You can access the system by clicking the button below:</p>
        
        <a href="http://localhost:8000/login/" class="button">Login to System</a>
        
        <p>If you have any questions or need assistance, please contact the IT department.</p>
        
        <p>Best regards,<br>
        Mariampur Hospital IT Team</p>
    </div>
    
    <div class="footer">
        <p>This is an automated message. Please do not reply to this email.</p>
        <p>&copy; 2025 Mariampur Hospital. All rights reserved.</p>
    </div>
</body>
</html> 
--===============1076825674475312083==--

-------------------------------------------------------------------------------
